
Feb 05, 2023 15:34:46.485 NEW SESSION
Feb 05, 2023 15:34:46.485 [2772:17752:0205/153446.481:ERROR:device_event_log_impl.cc(215)] [15:34:46.480] USB: usb_device_handle_win.cc:1046 Failed to read descriptor from node connection: A device attached to the system is not functioning. (0x1F)
Feb 05, 2023 15:34:46.488 [2772:17752:0205/153446.487:ERROR:device_event_log_impl.cc(215)] [15:34:46.487] USB: usb_device_handle_win.cc:1046 Failed to read descriptor from node connection: A device attached to the system is not functioning. (0x1F)
Feb 05, 2023 15:34:46.488 [2772:17752:0205/153446.487:ERROR:device_event_log_impl.cc(215)] [15:34:46.487] USB: usb_device_handle_win.cc:1046 Failed to read descriptor from node connection: A device attached to the system is not functioning. (0x1F)
Feb 05, 2023 15:34:46.952 [2772:4728:0205/153446.951:ERROR:cert_issuer_source_aia.cc(34)] Error parsing cert retrieved from AIA (as DER):
Feb 05, 2023 15:34:46.952 ERROR: Couldn't read tbsCertificate as SEQUENCE
Feb 05, 2023 15:34:46.952 ERROR: Failed parsing Certificate
Feb 05, 2023 15:34:46.952 
Feb 05, 2023 15:34:47.09 [2772:6716:0205/153447.009:ERROR:cert_issuer_source_aia.cc(34)] Error parsing cert retrieved from AIA (as DER):
Feb 05, 2023 15:34:47.10 ERROR: Couldn't read tbsCertificate as SEQUENCE
Feb 05, 2023 15:34:47.10 ERROR: Failed parsing Certificate
Feb 05, 2023 15:34:47.10 
Feb 05, 2023 15:39:32.664 [6580:17596:0205/153932.664:ERROR:cert_issuer_source_aia.cc(34)] Error parsing cert retrieved from AIA (as DER):
Feb 05, 2023 15:39:32.665 ERROR: Couldn't read tbsCertificate as SEQUENCE
Feb 05, 2023 15:39:32.666 ERROR: Failed parsing Certificate
Feb 05, 2023 15:39:32.666 
Feb 05, 2023 15:39:33.23 [6580:7760:0205/153933.022:ERROR:cert_issuer_source_aia.cc(34)] Error parsing cert retrieved from AIA (as DER):
Feb 05, 2023 15:39:33.24 ERROR: Couldn't read tbsCertificate as SEQUENCE
Feb 05, 2023 15:39:33.24 ERROR: Failed parsing Certificate
Feb 05, 2023 15:39:33.25 
Feb 05, 2023 15:39:34.135 [6580:9836:0205/153934.134:ERROR:device_event_log_impl.cc(215)] [15:39:34.134] USB: usb_device_handle_win.cc:1046 Failed to read descriptor from node connection: A device attached to the system is not functioning. (0x1F)
Feb 05, 2023 15:39:34.144 [6580:9836:0205/153934.143:ERROR:device_event_log_impl.cc(215)] [15:39:34.143] USB: usb_device_handle_win.cc:1046 Failed to read descriptor from node connection: A device attached to the system is not functioning. (0x1F)
Feb 05, 2023 15:39:34.145 [6580:9836:0205/153934.144:ERROR:device_event_log_impl.cc(215)] [15:39:34.143] USB: usb_device_handle_win.cc:1046 Failed to read descriptor from node connection: A device attached to the system is not functioning. (0x1F)
Feb 05, 2023 15:40:32.173 [6580:8060:0205/154032.173:ERROR:util.cc(134)] Can't create base directory: C:\Program Files\Google\GoogleUpdater
Feb 05, 2023 15:42:16.575 [6580:17148:0205/154216.574:ERROR:cert_issuer_source_aia.cc(34)] Error parsing cert retrieved from AIA (as DER):
Feb 05, 2023 15:42:16.575 ERROR: Couldn't read tbsCertificate as SEQUENCE
Feb 05, 2023 15:42:16.576 ERROR: Failed parsing Certificate
Feb 05, 2023 15:42:16.576 
Feb 05, 2023 15:43:41.949 [6580:1428:0205/154341.948:ERROR:cert_issuer_source_aia.cc(34)] Error parsing cert retrieved from AIA (as DER):
Feb 05, 2023 15:43:41.950 ERROR: Couldn't read tbsCertificate as SEQUENCE
Feb 05, 2023 15:43:41.950 ERROR: Failed parsing Certificate
Feb 05, 2023 15:43:41.951 
Feb 05, 2023 15:43:43.223 [6580:17148:0205/154343.222:ERROR:cert_issuer_source_aia.cc(34)] Error parsing cert retrieved from AIA (as DER):
Feb 05, 2023 15:43:43.224 ERROR: Couldn't read tbsCertificate as SEQUENCE
Feb 05, 2023 15:43:43.224 ERROR: Failed parsing Certificate
Feb 05, 2023 15:43:43.225 
Feb 05, 2023 15:43:45.594 [6580:17148:0205/154345.593:ERROR:cert_issuer_source_aia.cc(34)] Error parsing cert retrieved from AIA (as DER):
Feb 05, 2023 15:43:45.595 ERROR: Couldn't read tbsCertificate as SEQUENCE
Feb 05, 2023 15:43:45.595 ERROR: Failed parsing Certificate
Feb 05, 2023 15:43:45.596 
Feb 05, 2023 15:43:45.597 [6580:3360:0205/154345.593:ERROR:cert_issuer_source_aia.cc(34)] Error parsing cert retrieved from AIA (as DER):
Feb 05, 2023 15:43:45.598 ERROR: Couldn't read tbsCertificate as SEQUENCE
Feb 05, 2023 15:43:45.599 ERROR: Failed parsing Certificate
Feb 05, 2023 15:43:45.599 
Feb 05, 2023 15:43:51.614 [6580:14684:0205/154351.614:ERROR:cert_issuer_source_aia.cc(34)] Error parsing cert retrieved from AIA (as DER):
Feb 05, 2023 15:43:51.615 ERROR: Couldn't read tbsCertificate as SEQUENCE
Feb 05, 2023 15:43:51.616 ERROR: Failed parsing Certificate
Feb 05, 2023 15:43:51.617 
Feb 05, 2023 15:43:53.107 [6580:3360:0205/154353.106:ERROR:cert_issuer_source_aia.cc(34)] Error parsing cert retrieved from AIA (as DER):
Feb 05, 2023 15:43:53.107 ERROR: Couldn't read tbsCertificate as SEQUENCE
Feb 05, 2023 15:43:53.108 ERROR: Failed parsing Certificate
Feb 05, 2023 15:43:53.108 
Feb 05, 2023 15:43:53.386 [6580:9784:0205/154353.386:ERROR:cert_issuer_source_aia.cc(34)] Error parsing cert retrieved from AIA (as DER):
Feb 05, 2023 15:43:53.387 ERROR: Couldn't read tbsCertificate as SEQUENCE
Feb 05, 2023 15:43:53.387 ERROR: Failed parsing Certificate
Feb 05, 2023 15:43:53.388 
Feb 05, 2023 15:43:53.922 [6580:9784:0205/154353.922:ERROR:cert_issuer_source_aia.cc(34)] Error parsing cert retrieved from AIA (as DER):
Feb 05, 2023 15:43:53.923 ERROR: Couldn't read tbsCertificate as SEQUENCE
Feb 05, 2023 15:43:53.923 ERROR: Failed parsing Certificate
Feb 05, 2023 15:43:53.924 
Feb 05, 2023 15:43:55.732 [6580:9784:0205/154355.732:ERROR:cert_issuer_source_aia.cc(34)] Error parsing cert retrieved from AIA (as DER):
Feb 05, 2023 15:43:55.733 ERROR: Couldn't read tbsCertificate as SEQUENCE
Feb 05, 2023 15:43:55.734 ERROR: Failed parsing Certificate
Feb 05, 2023 15:43:55.734 
Feb 05, 2023 15:43:56.126 [6580:9784:0205/154356.125:ERROR:cert_issuer_source_aia.cc(34)] Error parsing cert retrieved from AIA (as DER):
Feb 05, 2023 15:43:56.127 ERROR: Couldn't read tbsCertificate as SEQUENCE
Feb 05, 2023 15:43:56.127 ERROR: Failed parsing Certificate
Feb 05, 2023 15:43:56.127 
Feb 05, 2023 15:43:56.779 [6580:9784:0205/154356.778:ERROR:cert_issuer_source_aia.cc(34)] Error parsing cert retrieved from AIA (as DER):
Feb 05, 2023 15:43:56.779 ERROR: Couldn't read tbsCertificate as SEQUENCE
Feb 05, 2023 15:43:56.779 ERROR: Failed parsing Certificate
Feb 05, 2023 15:43:56.780 
Feb 05, 2023 15:44:53.61 [6580:6788:0205/154453.061:ERROR:cert_issuer_source_aia.cc(34)] Error parsing cert retrieved from AIA (as DER):
Feb 05, 2023 15:44:53.62 ERROR: Couldn't read tbsCertificate as SEQUENCE
Feb 05, 2023 15:44:53.63 ERROR: Failed parsing Certificate
Feb 05, 2023 15:44:53.64 
Feb 05, 2023 15:44:55.565 [6580:8060:0205/154455.564:ERROR:cert_issuer_source_aia.cc(34)] Error parsing cert retrieved from AIA (as DER):
Feb 05, 2023 15:44:55.567 ERROR: Couldn't read tbsCertificate as SEQUENCE
Feb 05, 2023 15:44:55.568 ERROR: Failed parsing Certificate
Feb 05, 2023 15:44:55.569 
Feb 05, 2023 15:45:02.711 [6580:9784:0205/154502.710:ERROR:cert_verify_proc_builtin.cc(676)] CertVerifyProcBuiltin for api.lunamedia.io failed:
Feb 05, 2023 15:45:02.712 ----- Certificate i=0 (CN=*.lunamedia.io) -----
Feb 05, 2023 15:45:02.713 ERROR: Time is after notAfter
Feb 05, 2023 15:45:02.714 
Feb 05, 2023 15:45:02.715 
Feb 05, 2023 15:45:09.556 [6580:6788:0205/154509.555:ERROR:cert_issuer_source_aia.cc(34)] Error parsing cert retrieved from AIA (as DER):
Feb 05, 2023 15:45:09.557 ERROR: Couldn't read tbsCertificate as SEQUENCE
Feb 05, 2023 15:45:09.558 ERROR: Failed parsing Certificate
Feb 05, 2023 15:45:09.559 

May 08, 2023 15:49:35.301 NEW SESSION
May 08, 2023 15:49:35.301 [9272:9648:0508/154935.297:ERROR:cert_issuer_source_aia.cc(34)] Error parsing cert retrieved from AIA (as DER):
May 08, 2023 15:49:35.303 ERROR: Couldn't read tbsCertificate as SEQUENCE
May 08, 2023 15:49:35.304 ERROR: Failed parsing Certificate
May 08, 2023 15:49:35.305 
May 08, 2023 15:49:35.577 [9272:9648:0508/154935.576:ERROR:cert_issuer_source_aia.cc(34)] Error parsing cert retrieved from AIA (as DER):
May 08, 2023 15:49:35.578 ERROR: Couldn't read tbsCertificate as SEQUENCE
May 08, 2023 15:49:35.579 ERROR: Failed parsing Certificate
May 08, 2023 15:49:35.579 
May 08, 2023 15:49:36.962 [9272:20924:0508/154936.961:ERROR:device_event_log_impl.cc(222)] [15:49:36.961] USB: usb_device_handle_win.cc:1046 Failed to read descriptor from node connection: A device attached to the system is not functioning. (0x1F)
May 08, 2023 15:49:36.969 [9272:20924:0508/154936.969:ERROR:device_event_log_impl.cc(222)] [15:49:36.969] USB: usb_device_handle_win.cc:1046 Failed to read descriptor from node connection: A device attached to the system is not functioning. (0x1F)
May 08, 2023 15:49:36.972 [9272:20924:0508/154936.969:ERROR:device_event_log_impl.cc(222)] [15:49:36.969] USB: usb_device_handle_win.cc:1046 Failed to read descriptor from node connection: A device attached to the system is not functioning. (0x1F)
May 08, 2023 15:49:37.367 INFO: Created TensorFlow Lite XNNPACK delegate for CPU.
